# JRE version: OpenJDK Runtime Environment (8.0_76-b03) (build 1.8.0_76-release-b03)
# Java VM: OpenJDK 64-Bit Server VM (25.76-b03 mixed mode windows-amd64 compressed oops)
Heap:
 PSYoungGen      total 216576K, used 174853K [0x0000000791300000, 0x00000007a2d00000, 0x00000007c0000000)
  eden space 194048K, 90% used [0x0000000791300000,0x000000079bdc16f8,0x000000079d080000)
  from space 22528K, 0% used [0x00000007a1700000,0x00000007a1700000,0x00000007a2d00000)
  to   space 23552K, 0% used [0x000000079d080000,0x000000079d080000,0x000000079e780000)
 ParOldGen       total 85504K, used 85083K [0x0000000733800000, 0x0000000738b80000, 0x0000000791300000)
  object space 85504K, 99% used [0x0000000733800000,0x0000000738b16c70,0x0000000738b80000)
 Metaspace       used 68276K, capacity 70336K, committed 70424K, reserved 1110016K
  class space    used 8706K, capacity 9187K, committed 9264K, reserved 1048576K
GC Heap History (10 events):
Event: 134.253 GC heap before
{Heap before GC invocations=25 (full 9):
 PSYoungGen      total 216576K, used 193818K [0x0000000791300000, 0x00000007a2d00000, 0x00000007c0000000)
  eden space 194048K, 99% used [0x0000000791300000,0x000000079d046850,0x000000079d080000)
  from space 22528K, 0% used [0x00000007a1700000,0x00000007a1700000,0x00000007a2d00000)
  to   space 23552K, 0% used [0x000000079d080000,0x000000079d080000,0x000000079e780000)
 ParOldGen       total 85504K, used 85083K [0x0000000733800000, 0x0000000738b80000, 0x0000000791300000)
  object space 85504K, 99% used [0x0000000733800000,0x0000000738b16c90,0x0000000738b80000)
 Metaspace       used 66695K, capacity 68616K, committed 68888K, reserved 1110016K
  class space    used 8526K, capacity 8965K, committed 9008K, reserved 1048576K
Event: 134.870 GC heap after
Heap after GC invocations=25 (full 9):
 PSYoungGen      total 216576K, used 81392K [0x0000000791300000, 0x00000007a2d00000, 0x00000007c0000000)
  eden space 194048K, 41% used [0x0000000791300000,0x000000079627c388,0x000000079d080000)
  from space 22528K, 0% used [0x00000007a1700000,0x00000007a1700000,0x00000007a2d00000)
  to   space 23552K, 0% used [0x000000079d080000,0x000000079d080000,0x000000079e780000)
 ParOldGen       total 85504K, used 85083K [0x0000000733800000, 0x0000000738b80000, 0x0000000791300000)
  object space 85504K, 99% used [0x0000000733800000,0x0000000738b16c90,0x0000000738b80000)
 Metaspace       used 66695K, capacity 68616K, committed 68888K, reserved 1110016K
  class space    used 8526K, capacity 8965K, committed 9008K, reserved 1048576K
}
Event: 134.904 GC heap before
{Heap before GC invocations=26 (full 10):
 PSYoungGen      total 216576K, used 193854K [0x0000000791300000, 0x00000007a2d00000, 0x00000007c0000000)
  eden space 194048K, 99% used [0x0000000791300000,0x000000079d04fad8,0x000000079d080000)
  from space 22528K, 0% used [0x00000007a1700000,0x00000007a1700000,0x00000007a2d00000)
  to   space 23552K, 0% used [0x000000079d080000,0x000000079d080000,0x000000079e780000)
 ParOldGen       total 85504K, used 85083K [0x0000000733800000, 0x0000000738b80000, 0x0000000791300000)
  object space 85504K, 99% used [0x0000000733800000,0x0000000738b16c90,0x0000000738b80000)
 Metaspace       used 66697K, capacity 68616K, committed 68888K, reserved 1110016K
  class space    used 8526K, capacity 8965K, committed 9008K, reserved 1048576K
Event: 135.479 GC heap after
Heap after GC invocations=26 (full 10):
 PSYoungGen      total 216576K, used 80812K [0x0000000791300000, 0x00000007a2d00000, 0x00000007c0000000)
  eden space 194048K, 41% used [0x0000000791300000,0x00000007961eb040,0x000000079d080000)
  from space 22528K, 0% used [0x00000007a1700000,0x00000007a1700000,0x00000007a2d00000)
  to   space 23552K, 0% used [0x000000079d080000,0x000000079d080000,0x000000079e780000)
 ParOldGen       total 85504K, used 85083K [0x0000000733800000, 0x0000000738b80000, 0x0000000791300000)
  object space 85504K, 99% used [0x0000000733800000,0x0000000738b16c90,0x0000000738b80000)
 Metaspace       used 66697K, capacity 68616K, committed 68888K, reserved 1110016K
  class space    used 8526K, capacity 8965K, committed 9008K, reserved 1048576K
}
Event: 135.513 GC heap before
{Heap before GC invocations=27 (full 11):
 PSYoungGen      total 216576K, used 193404K [0x0000000791300000, 0x00000007a2d00000, 0x00000007c0000000)
  eden space 194048K, 99% used [0x0000000791300000,0x000000079cfdf218,0x000000079d080000)
  from space 22528K, 0% used [0x00000007a1700000,0x00000007a1700000,0x00000007a2d00000)
  to   space 23552K, 0% used [0x000000079d080000,0x000000079d080000,0x000000079e780000)
 ParOldGen       total 85504K, used 85083K [0x0000000733800000, 0x0000000738b80000, 0x0000000791300000)
  object space 85504K, 99% used [0x0000000733800000,0x0000000738b16c90,0x0000000738b80000)
 Metaspace       used 66697K, capacity 68616K, committed 68888K, reserved 1110016K
  class space    used 8526K, capacity 8965K, committed 9008K, reserved 1048576K
Event: 135.902 GC heap after
Heap after GC invocations=27 (full 11):
 PSYoungGen      total 216576K, used 80611K [0x0000000791300000, 0x00000007a2d00000, 0x00000007c0000000)
  eden space 194048K, 41% used [0x0000000791300000,0x00000007961b8ce8,0x000000079d080000)
  from space 22528K, 0% used [0x00000007a1700000,0x00000007a1700000,0x00000007a2d00000)
  to   space 23552K, 0% used [0x000000079d080000,0x000000079d080000,0x000000079e780000)
 ParOldGen       total 85504K, used 85083K [0x0000000733800000, 0x0000000738b80000, 0x0000000791300000)
  object space 85504K, 99% used [0x0000000733800000,0x0000000738b16c90,0x0000000738b80000)
 Metaspace       used 66697K, capacity 68616K, committed 68888K, reserved 1110016K
  class space    used 8526K, capacity 8965K, committed 9008K, reserved 1048576K
}
Event: 135.920 GC heap before
{Heap before GC invocations=28 (full 12):
 PSYoungGen      total 216576K, used 193755K [0x0000000791300000, 0x00000007a2d00000, 0x00000007c0000000)
  eden space 194048K, 99% used [0x0000000791300000,0x000000079d036c80,0x000000079d080000)
  from space 22528K, 0% used [0x00000007a1700000,0x00000007a1700000,0x00000007a2d00000)
  to   space 23552K, 0% used [0x000000079d080000,0x000000079d080000,0x000000079e780000)
 ParOldGen       total 85504K, used 85083K [0x0000000733800000, 0x0000000738b80000, 0x0000000791300000)
  object space 85504K, 99% used [0x0000000733800000,0x0000000738b16c90,0x0000000738b80000)
 Metaspace       used 66697K, capacity 68616K, committed 68888K, reserved 1110016K
  class space    used 8526K, capacity 8965K, committed 9008K, reserved 1048576K
Event: 136.279 GC heap after
Heap after GC invocations=28 (full 12):
 PSYoungGen      total 216576K, used 80429K [0x0000000791300000, 0x00000007a2d00000, 0x00000007c0000000)
  eden space 194048K, 41% used [0x0000000791300000,0x000000079618b4f8,0x000000079d080000)
  from space 22528K, 0% used [0x00000007a1700000,0x00000007a1700000,0x00000007a2d00000)
  to   space 23552K, 0% used [0x000000079d080000,0x000000079d080000,0x000000079e780000)
 ParOldGen       total 85504K, used 85083K [0x0000000733800000, 0x0000000738b80000, 0x0000000791300000)
  object space 85504K, 99% used [0x0000000733800000,0x0000000738b16c90,0x0000000738b80000)
 Metaspace       used 66697K, capacity 68616K, committed 68888K, reserved 1110016K
  class space    used 8526K, capacity 8965K, committed 9008K, reserved 1048576K
}
Event: 136.748 GC heap before
{Heap before GC invocations=29 (full 13):
 PSYoungGen      total 216576K, used 194048K [0x0000000791300000, 0x00000007a2d00000, 0x00000007c0000000)
  eden space 194048K, 100% used [0x0000000791300000,0x000000079d080000,0x000000079d080000)
  from space 22528K, 0% used [0x00000007a1700000,0x00000007a1700000,0x00000007a2d00000)
  to   space 23552K, 0% used [0x000000079d080000,0x000000079d080000,0x000000079e780000)
 ParOldGen       total 85504K, used 85083K [0x0000000733800000, 0x0000000738b80000, 0x0000000791300000)
  object space 85504K, 99% used [0x0000000733800000,0x0000000738b16c90,0x0000000738b80000)
 Metaspace       used 66772K, capacity 68746K, committed 68888K, reserved 1110016K
  class space    used 8539K, capacity 9004K, committed 9008K, reserved 1048576K
Event: 138.052 GC heap after
Heap after GC invocations=29 (full 13):
 PSYoungGen      total 216576K, used 78937K [0x0000000791300000, 0x00000007a2d00000, 0x00000007c0000000)
  eden space 194048K, 40% used [0x0000000791300000,0x0000000796016788,0x000000079d080000)
  from space 22528K, 0% used [0x00000007a1700000,0x00000007a1700000,0x00000007a2d00000)
  to   space 23552K, 0% used [0x000000079d080000,0x000000079d080000,0x000000079e780000)
 ParOldGen       total 85504K, used 85083K [0x0000000733800000, 0x0000000738b80000, 0x0000000791300000)
  object space 85504K, 99% used [0x0000000733800000,0x0000000738b16c70,0x0000000738b80000)
 Metaspace       used 66772K, capacity 68746K, committed 68888K, reserved 1110016K
  class space    used 8539K, capacity 9004K, committed 9008K, reserved 1048576K
}

