# JRE version: OpenJDK Runtime Environment (8.0_76-b03) (build 1.8.0_76-release-b03)
# Java VM: OpenJDK 64-Bit Server VM (25.76-b03 mixed mode windows-amd64 compressed oops)
Heap:
 PSYoungGen      total 38400K, used 22759K [0x0000000791300000, 0x0000000793d80000, 0x00000007c0000000)
  eden space 33280K, 53% used [0x0000000791300000,0x000000079243dcf8,0x0000000793380000)
  from space 5120K, 99% used [0x0000000793380000,0x000000079387c030,0x0000000793880000)
  to   space 5120K, 0% used [0x0000000793880000,0x0000000793880000,0x0000000793d80000)
 ParOldGen       total 87552K, used 4975K [0x0000000733800000, 0x0000000738d80000, 0x0000000791300000)
  object space 87552K, 5% used [0x0000000733800000,0x0000000733cdbe20,0x0000000738d80000)
 Metaspace       used 20475K, capacity 20890K, committed 20992K, reserved 1067008K
  class space    used 2632K, capacity 2786K, committed 2816K, reserved 1048576K
GC Heap History (6 events):
Event: 2.271 GC heap before
{Heap before GC invocations=1 (full 0):
 PSYoungGen      total 38400K, used 33280K [0x0000000791300000, 0x0000000793d80000, 0x00000007c0000000)
  eden space 33280K, 100% used [0x0000000791300000,0x0000000793380000,0x0000000793380000)
  from space 5120K, 0% used [0x0000000793880000,0x0000000793880000,0x0000000793d80000)
  to   space 5120K, 0% used [0x0000000793380000,0x0000000793380000,0x0000000793880000)
 ParOldGen       total 87552K, used 0K [0x0000000733800000, 0x0000000738d80000, 0x0000000791300000)
  object space 87552K, 0% used [0x0000000733800000,0x0000000733800000,0x0000000738d80000)
 Metaspace       used 6175K, capacity 6448K, committed 6528K, reserved 1056768K
  class space    used 790K, capacity 832K, committed 896K, reserved 1048576K
Event: 2.280 GC heap after
Heap after GC invocations=1 (full 0):
 PSYoungGen      total 38400K, used 4147K [0x0000000791300000, 0x0000000793d80000, 0x00000007c0000000)
  eden space 33280K, 0% used [0x0000000791300000,0x0000000791300000,0x0000000793380000)
  from space 5120K, 81% used [0x0000000793380000,0x000000079378cfc8,0x0000000793880000)
  to   space 5120K, 0% used [0x0000000793880000,0x0000000793880000,0x0000000793d80000)
 ParOldGen       total 87552K, used 8K [0x0000000733800000, 0x0000000738d80000, 0x0000000791300000)
  object space 87552K, 0% used [0x0000000733800000,0x0000000733802000,0x0000000738d80000)
 Metaspace       used 6175K, capacity 6448K, committed 6528K, reserved 1056768K
  class space    used 790K, capacity 832K, committed 896K, reserved 1048576K
}
Event: 14.830 GC heap before
{Heap before GC invocations=2 (full 0):
 PSYoungGen      total 38400K, used 37427K [0x0000000791300000, 0x0000000793d80000, 0x00000007c0000000)
  eden space 33280K, 100% used [0x0000000791300000,0x0000000793380000,0x0000000793380000)
  from space 5120K, 81% used [0x0000000793380000,0x000000079378cfc8,0x0000000793880000)
  to   space 5120K, 0% used [0x0000000793880000,0x0000000793880000,0x0000000793d80000)
 ParOldGen       total 87552K, used 8K [0x0000000733800000, 0x0000000738d80000, 0x0000000791300000)
  object space 87552K, 0% used [0x0000000733800000,0x0000000733802000,0x0000000738d80000)
 Metaspace       used 12405K, capacity 12734K, committed 12800K, reserved 1060864K
  class space    used 1638K, capacity 1749K, committed 1792K, reserved 1048576K
Event: 14.844 GC heap after
Heap after GC invocations=2 (full 0):
 PSYoungGen      total 38400K, used 5114K [0x0000000791300000, 0x0000000793d80000, 0x00000007c0000000)
  eden space 33280K, 0% used [0x0000000791300000,0x0000000791300000,0x0000000793380000)
  from space 5120K, 99% used [0x0000000793880000,0x0000000793d7e980,0x0000000793d80000)
  to   space 5120K, 0% used [0x0000000793380000,0x0000000793380000,0x0000000793880000)
 ParOldGen       total 87552K, used 588K [0x0000000733800000, 0x0000000738d80000, 0x0000000791300000)
  object space 87552K, 0% used [0x0000000733800000,0x0000000733893008,0x0000000738d80000)
 Metaspace       used 12405K, capacity 12734K, committed 12800K, reserved 1060864K
  class space    used 1638K, capacity 1749K, committed 1792K, reserved 1048576K
}
Event: 17.628 GC heap before
{Heap before GC invocations=3 (full 0):
 PSYoungGen      total 38400K, used 38394K [0x0000000791300000, 0x0000000793d80000, 0x00000007c0000000)
  eden space 33280K, 100% used [0x0000000791300000,0x0000000793380000,0x0000000793380000)
  from space 5120K, 99% used [0x0000000793880000,0x0000000793d7e980,0x0000000793d80000)
  to   space 5120K, 0% used [0x0000000793380000,0x0000000793380000,0x0000000793880000)
 ParOldGen       total 87552K, used 588K [0x0000000733800000, 0x0000000738d80000, 0x0000000791300000)
  object space 87552K, 0% used [0x0000000733800000,0x0000000733893008,0x0000000738d80000)
 Metaspace       used 18610K, capacity 18988K, committed 19072K, reserved 1064960K
  class space    used 2476K, capacity 2630K, committed 2688K, reserved 1048576K
Event: 17.654 GC heap after
Heap after GC invocations=3 (full 0):
 PSYoungGen      total 38400K, used 5104K [0x0000000791300000, 0x0000000793d80000, 0x00000007c0000000)
  eden space 33280K, 0% used [0x0000000791300000,0x0000000791300000,0x0000000793380000)
  from space 5120K, 99% used [0x0000000793380000,0x000000079387c030,0x0000000793880000)
  to   space 5120K, 0% used [0x0000000793880000,0x0000000793880000,0x0000000793d80000)
 ParOldGen       total 87552K, used 4975K [0x0000000733800000, 0x0000000738d80000, 0x0000000791300000)
  object space 87552K, 5% used [0x0000000733800000,0x0000000733cdbe20,0x0000000738d80000)
 Metaspace       used 18610K, capacity 18988K, committed 19072K, reserved 1064960K
  class space    used 2476K, capacity 2630K, committed 2688K, reserved 1048576K
}

