# JRE version: OpenJDK Runtime Environment (8.0_76-b03) (build 1.8.0_76-release-b03)
# Java VM: OpenJDK 64-Bit Server VM (25.76-b03 mixed mode windows-amd64 compressed oops)
Heap:
 PSYoungGen      total 143872K, used 86210K [0x0000000791300000, 0x000000079d380000, 0x00000007c0000000)
  eden space 132096K, 56% used [0x0000000791300000,0x0000000795bb8a20,0x0000000799400000)
  from space 11776K, 99% used [0x0000000799400000,0x0000000799f78010,0x0000000799f80000)
  to   space 14336K, 0% used [0x000000079c580000,0x000000079c580000,0x000000079d380000)
 ParOldGen       total 94208K, used 27894K [0x0000000733800000, 0x0000000739400000, 0x0000000791300000)
  object space 94208K, 29% used [0x0000000733800000,0x000000073533d908,0x0000000739400000)
 Metaspace       used 51944K, capacity 53539K, committed 53672K, reserved 1095680K
  class space    used 6925K, capacity 7314K, committed 7344K, reserved 1048576K
GC Heap History (10 events):
Event: 23.522 GC heap before
{Heap before GC invocations=11 (full 2):
 PSYoungGen      total 90112K, used 7668K [0x0000000791300000, 0x0000000799100000, 0x00000007c0000000)
  eden space 80896K, 0% used [0x0000000791300000,0x0000000791300000,0x0000000796200000)
  from space 9216K, 83% used [0x0000000796200000,0x000000079697d020,0x0000000796b00000)
  to   space 9728K, 0% used [0x0000000798780000,0x0000000798780000,0x0000000799100000)
 ParOldGen       total 60416K, used 11757K [0x0000000733800000, 0x0000000737300000, 0x0000000791300000)
  object space 60416K, 19% used [0x0000000733800000,0x000000073437b770,0x0000000737300000)
 Metaspace       used 34545K, capacity 35203K, committed 35496K, reserved 1079296K
  class space    used 4629K, capacity 4784K, committed 4784K, reserved 1048576K
Event: 23.649 GC heap after
Heap after GC invocations=11 (full 2):
 PSYoungGen      total 90112K, used 0K [0x0000000791300000, 0x0000000799100000, 0x00000007c0000000)
  eden space 80896K, 0% used [0x0000000791300000,0x0000000791300000,0x0000000796200000)
  from space 9216K, 0% used [0x0000000796200000,0x0000000796200000,0x0000000796b00000)
  to   space 9728K, 0% used [0x0000000798780000,0x0000000798780000,0x0000000799100000)
 ParOldGen       total 94208K, used 16810K [0x0000000733800000, 0x0000000739400000, 0x0000000791300000)
  object space 94208K, 17% used [0x0000000733800000,0x000000073486a9b0,0x0000000739400000)
 Metaspace       used 34545K, capacity 35203K, committed 35496K, reserved 1079296K
  class space    used 4629K, capacity 4784K, committed 4784K, reserved 1048576K
}
Event: 26.779 GC heap before
{Heap before GC invocations=12 (full 2):
 PSYoungGen      total 90112K, used 80896K [0x0000000791300000, 0x0000000799100000, 0x00000007c0000000)
  eden space 80896K, 100% used [0x0000000791300000,0x0000000796200000,0x0000000796200000)
  from space 9216K, 0% used [0x0000000796200000,0x0000000796200000,0x0000000796b00000)
  to   space 9728K, 0% used [0x0000000798780000,0x0000000798780000,0x0000000799100000)
 ParOldGen       total 94208K, used 16810K [0x0000000733800000, 0x0000000739400000, 0x0000000791300000)
  object space 94208K, 17% used [0x0000000733800000,0x000000073486a9b0,0x0000000739400000)
 Metaspace       used 42174K, capacity 42985K, committed 43304K, reserved 1087488K
  class space    used 5621K, capacity 5846K, committed 5936K, reserved 1048576K
Event: 26.833 GC heap after
Heap after GC invocations=12 (full 2):
 PSYoungGen      total 114176K, used 9713K [0x0000000791300000, 0x0000000799100000, 0x00000007c0000000)
  eden space 104448K, 0% used [0x0000000791300000,0x0000000791300000,0x0000000797900000)
  from space 9728K, 99% used [0x0000000798780000,0x00000007990fc430,0x0000000799100000)
  to   space 10752K, 0% used [0x0000000797c00000,0x0000000797c00000,0x0000000798680000)
 ParOldGen       total 94208K, used 17087K [0x0000000733800000, 0x0000000739400000, 0x0000000791300000)
  object space 94208K, 18% used [0x0000000733800000,0x00000007348afed8,0x0000000739400000)
 Metaspace       used 42174K, capacity 42985K, committed 43304K, reserved 1087488K
  class space    used 5621K, capacity 5846K, committed 5936K, reserved 1048576K
}
Event: 32.654 GC heap before
{Heap before GC invocations=13 (full 2):
 PSYoungGen      total 114176K, used 114161K [0x0000000791300000, 0x0000000799100000, 0x00000007c0000000)
  eden space 104448K, 100% used [0x0000000791300000,0x0000000797900000,0x0000000797900000)
  from space 9728K, 99% used [0x0000000798780000,0x00000007990fc430,0x0000000799100000)
  to   space 10752K, 0% used [0x0000000797c00000,0x0000000797c00000,0x0000000798680000)
 ParOldGen       total 94208K, used 17087K [0x0000000733800000, 0x0000000739400000, 0x0000000791300000)
  object space 94208K, 18% used [0x0000000733800000,0x00000007348afed8,0x0000000739400000)
 Metaspace       used 42683K, capacity 43483K, committed 43816K, reserved 1087488K
  class space    used 5646K, capacity 5891K, committed 5936K, reserved 1048576K
Event: 32.698 GC heap after
Heap after GC invocations=13 (full 2):
 PSYoungGen      total 118272K, used 5261K [0x0000000791300000, 0x000000079aa00000, 0x00000007c0000000)
  eden space 107520K, 0% used [0x0000000791300000,0x0000000791300000,0x0000000797c00000)
  from space 10752K, 48% used [0x0000000797c00000,0x0000000798123458,0x0000000798680000)
  to   space 10752K, 0% used [0x0000000799f80000,0x0000000799f80000,0x000000079aa00000)
 ParOldGen       total 94208K, used 23911K [0x0000000733800000, 0x0000000739400000, 0x0000000791300000)
  object space 94208K, 25% used [0x0000000733800000,0x0000000734f59c88,0x0000000739400000)
 Metaspace       used 42683K, capacity 43483K, committed 43816K, reserved 1087488K
  class space    used 5646K, capacity 5891K, committed 5936K, reserved 1048576K
}
Event: 39.156 GC heap before
{Heap before GC invocations=14 (full 2):
 PSYoungGen      total 118272K, used 112781K [0x0000000791300000, 0x000000079aa00000, 0x00000007c0000000)
  eden space 107520K, 100% used [0x0000000791300000,0x0000000797c00000,0x0000000797c00000)
  from space 10752K, 48% used [0x0000000797c00000,0x0000000798123458,0x0000000798680000)
  to   space 10752K, 0% used [0x0000000799f80000,0x0000000799f80000,0x000000079aa00000)
 ParOldGen       total 94208K, used 23911K [0x0000000733800000, 0x0000000739400000, 0x0000000791300000)
  object space 94208K, 25% used [0x0000000733800000,0x0000000734f59c88,0x0000000739400000)
 Metaspace       used 44912K, capacity 45949K, committed 46248K, reserved 1089536K
  class space    used 5936K, capacity 6206K, committed 6320K, reserved 1048576K
Event: 39.263 GC heap after
Heap after GC invocations=14 (full 2):
 PSYoungGen      total 142848K, used 10492K [0x0000000791300000, 0x000000079b180000, 0x00000007c0000000)
  eden space 132096K, 0% used [0x0000000791300000,0x0000000791300000,0x0000000799400000)
  from space 10752K, 97% used [0x0000000799f80000,0x000000079a9bf0d8,0x000000079aa00000)
  to   space 11776K, 0% used [0x0000000799400000,0x0000000799400000,0x0000000799f80000)
 ParOldGen       total 94208K, used 23919K [0x0000000733800000, 0x0000000739400000, 0x0000000791300000)
  object space 94208K, 25% used [0x0000000733800000,0x0000000734f5bc88,0x0000000739400000)
 Metaspace       used 44912K, capacity 45949K, committed 46248K, reserved 1089536K
  class space    used 5936K, capacity 6206K, committed 6320K, reserved 1048576K
}
Event: 46.264 GC heap before
{Heap before GC invocations=15 (full 2):
 PSYoungGen      total 142848K, used 142588K [0x0000000791300000, 0x000000079b180000, 0x00000007c0000000)
  eden space 132096K, 100% used [0x0000000791300000,0x0000000799400000,0x0000000799400000)
  from space 10752K, 97% used [0x0000000799f80000,0x000000079a9bf0d8,0x000000079aa00000)
  to   space 11776K, 0% used [0x0000000799400000,0x0000000799400000,0x0000000799f80000)
 ParOldGen       total 94208K, used 23919K [0x0000000733800000, 0x0000000739400000, 0x0000000791300000)
  object space 94208K, 25% used [0x0000000733800000,0x0000000734f5bc88,0x0000000739400000)
 Metaspace       used 49396K, capacity 50831K, committed 50984K, reserved 1093632K
  class space    used 6586K, capacity 6943K, committed 6960K, reserved 1048576K
Event: 46.320 GC heap after
Heap after GC invocations=15 (full 2):
 PSYoungGen      total 143872K, used 11744K [0x0000000791300000, 0x000000079d380000, 0x00000007c0000000)
  eden space 132096K, 0% used [0x0000000791300000,0x0000000791300000,0x0000000799400000)
  from space 11776K, 99% used [0x0000000799400000,0x0000000799f78010,0x0000000799f80000)
  to   space 14336K, 0% used [0x000000079c580000,0x000000079c580000,0x000000079d380000)
 ParOldGen       total 94208K, used 27894K [0x0000000733800000, 0x0000000739400000, 0x0000000791300000)
  object space 94208K, 29% used [0x0000000733800000,0x000000073533d908,0x0000000739400000)
 Metaspace       used 49396K, capacity 50831K, committed 50984K, reserved 1093632K
  class space    used 6586K, capacity 6943K, committed 6960K, reserved 1048576K
}

